<?xml version="1.0" encoding="UTF-8" ?>
<testsuites>
  <testsuite errors="0" failures="0" hostname="Dublin" id="0" name="ControllaControllerTests" package="grailstest" tests="1" time="0.409" timestamp="2018-07-19T11:46:27">
      <properties />

      <testcase classname="grailstest.ControllaControllerTests" name="testSomething" time="0.399" />

      <system-out><![CDATA[--Output from testSomething--
]]></system-out>

      <system-err><![CDATA[--Output from testSomething--
]]></system-err>

  </testsuite>
  <testsuite errors="0" failures="0" hostname="Dublin" id="1" name="MainTests" package="grailstest" tests="1" time="0.0030" timestamp="2018-07-19T11:46:27">
      <properties />

      <testcase classname="grailstest.MainTests" name="testSomething" time="0.0020" />

      <system-out><![CDATA[--Output from testSomething--
]]></system-out>

      <system-err><![CDATA[--Output from testSomething--
]]></system-err>

  </testsuite>
</testsuites>
